<?xml version="1.0" encoding="UTF-8"?>
<!-- Generated by org.testng.reporters.JUnitReportReporter -->
<testsuite hostname="LAPTOP-A0J05IBN" failures="0" tests="1" name="qarahulacademy.RegistrationPageTest" time="58.391" errors="0" timestamp="2021-11-16T08:16:59 EST" skipped="0">
  <testcase classname="qarahulacademy.RegistrationPageTest" name="validateNewMaleRegistration" time="58.391"/>
  <system-out/>
</testsuite> <!-- qarahulacademy.RegistrationPageTest -->
