<?xml version="1.0" encoding="UTF-8"?>
<!-- Generated by org.testng.reporters.JUnitReportReporter -->
<testsuite hostname="LAPTOP-A0J05IBN" failures="0" tests="1" name="qarahulacademy.HomePageTest" time="10.940" errors="0" timestamp="2021-11-14T17:29:35 EST" skipped="0">
  <testcase classname="qarahulacademy.HomePageTest" name="validateLogin" time="10.940"/>
  <system-out/>
</testsuite> <!-- qarahulacademy.HomePageTest -->
