<?xml version="1.0" encoding="UTF-8"?>
<!-- Generated by org.testng.reporters.JUnitReportReporter -->
<testsuite hostname="LAPTOP-A0J05IBN" failures="0" tests="2" name="qarahulacademy.AppTest" time="0.008" errors="0" timestamp="2021-11-14T17:20:24 EST" skipped="0">
  <testcase classname="qarahulacademy.AppTest" name="firstMethod" time="0.006"/>
  <system-out/>
  <testcase classname="qarahulacademy.AppTest" name="secondMethod" time="0.002"/>
  <system-out/>
</testsuite> <!-- qarahulacademy.AppTest -->
