<?xml version="1.0" encoding="UTF-8"?>
<!-- Generated by org.testng.reporters.JUnitReportReporter -->
<testsuite hostname="LAPTOP-A0J05IBN" failures="0" tests="1" name="qarahulacademy.JewelrySearchTest" time="4.932" errors="0" timestamp="2021-11-14T19:21:39 EST" skipped="0">
  <testcase classname="qarahulacademy.JewelrySearchTest" name="jewelryCheckOut" time="4.932"/>
  <system-out/>
</testsuite> <!-- qarahulacademy.JewelrySearchTest -->
